<?xml version="1.0" encoding="UTF-8"?>
<!-- Generated by org.testng.reporters.JUnitReportReporter -->
<testsuite skipped="0" hostname="DESKTOP-LSKACAV" name="com.tutorialsninja.testsuite.DesktopTest" tests="2" failures="0" timestamp="2022-12-13T00:41:37 GMT" time="32.633" errors="0">
  <testcase name="verifyProductAddedToShoppingCartSuccessFully" time="24.642" classname="com.tutorialsninja.testsuite.DesktopTest"/>
  <system-out>
    <![CDATA[clickOnCurrencyLink[[ChromeDriver: chrome on WINDOWS (e780a06e0d9da95322419468340cd096)] -> xpath: //span[contains(text(),'Currency')]]
clickOnDesktopLink[[ChromeDriver: chrome on WINDOWS (e780a06e0d9da95322419468340cd096)] -> link text: Desktops]
clickOnAllDesktop[[ChromeDriver: chrome on WINDOWS (e780a06e0d9da95322419468340cd096)] -> xpath: //a[contains(text(),'Show All Desktops')]]
SortByNameZtoAfromDropdown[[ChromeDriver: chrome on WINDOWS (e780a06e0d9da95322419468340cd096)] -> id: input-sort]
clickOnHPlp3065[[ChromeDriver: chrome on WINDOWS (e780a06e0d9da95322419468340cd096)] -> xpath: //a[contains(text(),'HP LP3065')]]
getVerifyTextHp[[ChromeDriver: chrome on WINDOWS (e780a06e0d9da95322419468340cd096)] -> xpath: //h1[contains(text(),'HP LP3065')]]
clickOnAdToCart[[ChromeDriver: chrome on WINDOWS (e780a06e0d9da95322419468340cd096)] -> xpath: //button[@id='button-cart']]
getVerifyMessage[[ChromeDriver: chrome on WINDOWS (e780a06e0d9da95322419468340cd096)] -> css selector: body:nth-child(2) div.container:nth-child(4) > div.alert.alert-success.alert-dismissible]
clickOnShppingCart[[ChromeDriver: chrome on WINDOWS (e780a06e0d9da95322419468340cd096)] -> xpath: //a[contains(text(),'shopping cart')]]
getVerifyShoppingCart[[ChromeDriver: chrome on WINDOWS (e780a06e0d9da95322419468340cd096)] -> xpath: //div[@id='content']//h1]
getVerifyProductNam[[ChromeDriver: chrome on WINDOWS (e780a06e0d9da95322419468340cd096)] -> xpath: //div[@class = 'table-responsive']/table/tbody/tr/td[2]/a]
getVerifyMode[[ChromeDriver: chrome on WINDOWS (e780a06e0d9da95322419468340cd096)] -> xpath: //div[@class = 'table-responsive']/table/tbody/tr/td[3]]
getVerifyTotal[[ChromeDriver: chrome on WINDOWS (e780a06e0d9da95322419468340cd096)] -> xpath: //div[@class = 'table-responsive']/table/tbody/tr/td[6]]
Click to see screenshot
<a target = "_blank" href=C:\Users\USER\IdeaProjects\testng-week15-tutorialsninja-naresh/test-output/html/verifyProductAddedToShoppingCartSuccessFullyTue_Dec_13_00_38_58_GMT_2022.jpg>Screenshot</a>
<br>
<br>
<a target = "_blank" href=C:\Users\USER\IdeaProjects\testng-week15-tutorialsninja-naresh/test-output/html/verifyProductAddedToShoppingCartSuccessFullyTue_Dec_13_00_38_58_GMT_2022.jpg><img src=C:\Users\USER\IdeaProjects\testng-week15-tutorialsninja-naresh/test-output/html/verifyProductAddedToShoppingCartSuccessFullyTue_Dec_13_00_38_58_GMT_2022.jpg height=200 width=200></img></a>]]>
  </system-out>
  <testcase name="verifyProductArrangeInAlphabeticalOrder" time="7.991" classname="com.tutorialsninja.testsuite.DesktopTest"/>
  <system-out>
    <![CDATA[clickOnDesktopLink[[ChromeDriver: chrome on WINDOWS (918e29c647bc6fe7d51bb9b014e98868)] -> link text: Desktops]
clickOnAllDesktop[[ChromeDriver: chrome on WINDOWS (918e29c647bc6fe7d51bb9b014e98868)] -> xpath: //a[contains(text(),'Show All Desktops')]]
Click to see screenshot
<a target = "_blank" href=C:\Users\USER\IdeaProjects\testng-week15-tutorialsninja-naresh/test-output/html/verifyProductArrangeInAlphabeticalOrderTue_Dec_13_00_39_04_GMT_2022.jpg>Screenshot</a>
<br>
<br>
<a target = "_blank" href=C:\Users\USER\IdeaProjects\testng-week15-tutorialsninja-naresh/test-output/html/verifyProductArrangeInAlphabeticalOrderTue_Dec_13_00_39_04_GMT_2022.jpg><img src=C:\Users\USER\IdeaProjects\testng-week15-tutorialsninja-naresh/test-output/html/verifyProductArrangeInAlphabeticalOrderTue_Dec_13_00_39_04_GMT_2022.jpg height=200 width=200></img></a>]]>
  </system-out>
</testsuite> <!-- com.tutorialsninja.testsuite.DesktopTest -->
