<?xml version="1.0" encoding="UTF-8"?>
<!-- Generated by org.testng.reporters.JUnitReportReporter -->
<testsuite skipped="0" hostname="DESKTOP-LSKACAV" name="com.tutorialsninja.testsuite.HomePageTest" tests="3" failures="0" timestamp="2022-12-13T00:41:37 GMT" time="15.541" errors="0">
  <testcase name="verifyUserShouldNavigateToLaptopsAndNotebooksPageSuccessfully" time="5.097" classname="com.tutorialsninja.testsuite.HomePageTest"/>
  <system-out>
    <![CDATA[clickOnLaptopNotebooksLink[[ChromeDriver: chrome on WINDOWS (c7cc6b5be18c8d891f1ff0f852b6364e)] -> link text: Laptops & Notebooks]
getVerifyText1[[ChromeDriver: chrome on WINDOWS (c7cc6b5be18c8d891f1ff0f852b6364e)] -> xpath: //h2[contains(text(),'Laptops & Notebooks')]]
Click to see screenshot
<a target = "_blank" href=C:\Users\USER\IdeaProjects\testng-week15-tutorialsninja-naresh/test-output/html/verifyUserShouldNavigateToLaptopsAndNotebooksPageSuccessfullyTue_Dec_13_00_39_21_GMT_2022.jpg>Screenshot</a>
<br>
<br>
<a target = "_blank" href=C:\Users\USER\IdeaProjects\testng-week15-tutorialsninja-naresh/test-output/html/verifyUserShouldNavigateToLaptopsAndNotebooksPageSuccessfullyTue_Dec_13_00_39_21_GMT_2022.jpg><img src=C:\Users\USER\IdeaProjects\testng-week15-tutorialsninja-naresh/test-output/html/verifyUserShouldNavigateToLaptopsAndNotebooksPageSuccessfullyTue_Dec_13_00_39_21_GMT_2022.jpg height=200 width=200></img></a>]]>
  </system-out>
  <testcase name="verifyUserShouldNavigateToComponentsPageSuccessfully" time="5.027" classname="com.tutorialsninja.testsuite.HomePageTest"/>
  <system-out>
    <![CDATA[clickOnComponantsLink[[ChromeDriver: chrome on WINDOWS (e286b093a11615420d99e650bc151db6)] -> link text: Components]
getVerifyText2[[ChromeDriver: chrome on WINDOWS (e286b093a11615420d99e650bc151db6)] -> xpath: //h2[contains(text(),'Components')]]
Click to see screenshot
<a target = "_blank" href=C:\Users\USER\IdeaProjects\testng-week15-tutorialsninja-naresh/test-output/html/verifyUserShouldNavigateToComponentsPageSuccessfullyTue_Dec_13_00_39_10_GMT_2022.jpg>Screenshot</a>
<br>
<br>
<a target = "_blank" href=C:\Users\USER\IdeaProjects\testng-week15-tutorialsninja-naresh/test-output/html/verifyUserShouldNavigateToComponentsPageSuccessfullyTue_Dec_13_00_39_10_GMT_2022.jpg><img src=C:\Users\USER\IdeaProjects\testng-week15-tutorialsninja-naresh/test-output/html/verifyUserShouldNavigateToComponentsPageSuccessfullyTue_Dec_13_00_39_10_GMT_2022.jpg height=200 width=200></img></a>]]>
  </system-out>
  <testcase name="verifyUserShouldNavigateToDesktopsPageSuccessfully" time="5.417" classname="com.tutorialsninja.testsuite.HomePageTest"/>
  <system-out>
    <![CDATA[clickOnDesktopLink[[ChromeDriver: chrome on WINDOWS (68fb56da176fc3e3d4acc30e30f429a2)] -> link text: Desktops]
getVerifyText[[ChromeDriver: chrome on WINDOWS (68fb56da176fc3e3d4acc30e30f429a2)] -> xpath: //h2[contains(text(),'Desktops')]]
Click to see screenshot
<a target = "_blank" href=C:\Users\USER\IdeaProjects\testng-week15-tutorialsninja-naresh/test-output/html/verifyUserShouldNavigateToDesktopsPageSuccessfullyTue_Dec_13_00_39_15_GMT_2022.jpg>Screenshot</a>
<br>
<br>
<a target = "_blank" href=C:\Users\USER\IdeaProjects\testng-week15-tutorialsninja-naresh/test-output/html/verifyUserShouldNavigateToDesktopsPageSuccessfullyTue_Dec_13_00_39_15_GMT_2022.jpg><img src=C:\Users\USER\IdeaProjects\testng-week15-tutorialsninja-naresh/test-output/html/verifyUserShouldNavigateToDesktopsPageSuccessfullyTue_Dec_13_00_39_15_GMT_2022.jpg height=200 width=200></img></a>]]>
  </system-out>
</testsuite> <!-- com.tutorialsninja.testsuite.HomePageTest -->
